<?xml version="1.0" encoding="UTF-8"?>
<!-- Generated by org.testng.reporters.JUnitXMLReporter -->
<testsuite ignored="2" hostname="LAPTOP-5RRVIRMR" failures="0" tests="1" name="Default test" time="0.03" errors="0" timestamp="2022-12-08T23:02:22 IST">
  <testcase classname="com.utility.BaseClass" name="@BeforeSuite BS" time="0.009">
    <failure type="java.io.FileNotFoundException" message="C:\Users\Hp\eclipse-workspace\C_com.framework1\Configue\configue_Login_TC001 (The system cannot find the path specified)">
      <![CDATA[java.io.FileNotFoundException: C:\Users\Hp\eclipse-workspace\C_com.framework1\Configue\configue_Login_TC001 (The system cannot find the path specified)
at java.base/java.io.FileInputStream.open0(Native Method)
at java.base/java.io.FileInputStream.open(FileInputStream.java:216)
at java.base/java.io.FileInputStream.<init>(FileInputStream.java:157)
at java.base/java.io.FileInputStream.<init>(FileInputStream.java:111)
at com.utility.Configue_data_provider.<init>(Configue_data_provider.java:14)
at com.utility.BaseClass.BS(BaseClass.java:24)
at java.base/jdk.internal.reflect.DirectMethodHandleAccessor.invoke(DirectMethodHandleAccessor.java:104)
at java.base/java.lang.reflect.Method.invoke(Method.java:577)
at org.testng.internal.MethodInvocationHelper.invokeMethod(MethodInvocationHelper.java:133)
at org.testng.internal.MethodInvocationHelper.invokeMethodConsideringTimeout(MethodInvocationHelper.java:62)
at org.testng.internal.ConfigInvoker.invokeConfigurationMethod(ConfigInvoker.java:385)
at org.testng.internal.ConfigInvoker.invokeConfigurations(ConfigInvoker.java:321)
at org.testng.SuiteRunner.privateRun(SuiteRunner.java:317)
at org.testng.SuiteRunner.run(SuiteRunner.java:276)
at org.testng.SuiteRunnerWorker.runSuite(SuiteRunnerWorker.java:53)
at org.testng.SuiteRunnerWorker.run(SuiteRunnerWorker.java:96)
at org.testng.TestNG.runSuitesSequentially(TestNG.java:1212)
at org.testng.TestNG.runSuitesLocally(TestNG.java:1134)
at org.testng.TestNG.runSuites(TestNG.java:1063)
at org.testng.TestNG.run(TestNG.java:1031)
at org.testng.remote.AbstractRemoteTestNG.run(AbstractRemoteTestNG.java:115)
at org.testng.remote.RemoteTestNG.initAndRun(RemoteTestNG.java:251)
at org.testng.remote.RemoteTestNG.main(RemoteTestNG.java:77)
]]>
    </failure>
  </testcase> <!-- @BeforeSuite BS -->
  <testcase classname="com.utility.BaseClass" name="@BeforeMethod setup" time="-1.670520742262E9">
    <skipped/>
  </testcase> <!-- @BeforeMethod setup -->
  <testcase classname="com.utility.BaseClass" name="@AfterMethod teardown" time="-1.670520742267E9">
    <skipped/>
  </testcase> <!-- @AfterMethod teardown -->
  <testcase classname="com.test.TS001_Login" name="TC003" time="0.0">
    <skipped/>
  </testcase> <!-- TC003 -->
  <testcase classname="com.test.TS001_Login" name="TC002" time="0.0">
    <ignored/>
  </testcase> <!-- TC002 -->
  <testcase classname="com.test.TS001_Login" name="TC001" time="0.0">
    <ignored/>
  </testcase> <!-- TC001 -->
</testsuite> <!-- Default test -->
